2020-08-14 20:26:55:627 Device Removed... 

2020-08-14 20:26:59:492 Device Arrived... 

2020-08-14 20:27:25:884 Open Serial Port...
2020-08-14 20:27:25:907 Getting Device Information
2020-08-14 20:27:26:253 Getting Device Information
2020-08-14 20:27:26:599 Getting Device Information
2020-08-14 20:27:26:944 Getting Device Information
2020-08-14 20:27:27:290 Getting Device Information
2020-08-14 20:27:27:637 Getting Device Information
2020-08-14 20:27:27:983 Getting Device Information
2020-08-14 20:27:28:328 Getting Device Information
2020-08-14 20:27:28:674 Getting Device Information
2020-08-14 20:27:40:372 Open Serial Port...
2020-08-14 20:27:40:396 Getting Device Information
2020-08-14 20:27:40:742 Getting Device Information
2020-08-14 20:27:41:087 Getting Device Information
2020-08-14 20:27:41:433 Getting Device Information
2020-08-14 20:27:41:779 Getting Device Information
2020-08-14 20:27:42:124 Getting Device Information
2020-08-14 20:27:42:469 Getting Device Information
2020-08-14 20:27:42:816 Getting Device Information
2020-08-14 20:27:43:161 Getting Device Information
2020-08-14 20:27:54:901 Open Serial Port...
2020-08-14 20:27:54:924 Getting Device Information
2020-08-14 20:27:55:269 Getting Device Information
2020-08-14 20:27:55:614 Getting Device Information
2020-08-14 20:28:01:252 Open Serial Port...
2020-08-14 20:28:01:275 Getting Device Information
2020-08-14 20:28:01:620 Getting Device Information
2020-08-14 20:28:01:967 Getting Device Information
2020-08-14 20:28:02:312 Getting Device Information
2020-08-14 20:28:02:657 Getting Device Information
2020-08-14 20:28:03:003 Getting Device Information
2020-08-14 20:28:03:348 Getting Device Information
2020-08-14 20:28:03:693 Getting Device Information
2020-08-14 20:28:04:039 Getting Device Information
2020-08-14 20:31:40:259 Device Removed... 

2020-08-14 20:31:40:300 Device Arrived... 

2020-08-14 20:31:43:078 Device Removed... 

2020-08-14 20:31:43:396 Device Arrived... 

2020-08-14 20:31:49:319 Device Removed... 

2020-08-14 20:31:52:164 Device Arrived... 

2020-08-14 20:31:59:246 Open Serial Port...
2020-08-14 20:31:59:269 Getting Device Information
2020-08-14 20:31:59:614 Getting Device Information
2020-08-14 20:31:59:961 Getting Device Information
2020-08-14 20:32:00:306 Getting Device Information
2020-08-14 20:32:00:652 Getting Device Information
2020-08-14 20:32:00:998 Getting Device Information
2020-08-14 20:32:01:343 Getting Device Information
2020-08-14 20:32:01:688 Getting Device Information
2020-08-14 20:32:02:034 Getting Device Information
2020-08-14 20:32:07:143 Open Serial Port...
2020-08-14 20:32:07:166 Getting Device Information
2020-08-14 20:32:07:511 Getting Device Information
2020-08-14 20:32:07:856 Getting Device Information
2020-08-14 20:32:08:201 Getting Device Information
2020-08-14 20:32:08:547 Getting Device Information
2020-08-14 20:32:08:892 Getting Device Information
2020-08-14 20:32:09:238 Getting Device Information
2020-08-14 20:32:09:583 Getting Device Information
2020-08-14 20:32:09:928 Getting Device Information
2020-08-14 20:32:13:436 Open Serial Port...
2020-08-14 20:32:13:459 Getting Device Information
2020-08-14 20:32:13:803 Getting Device Information
2020-08-14 20:32:14:149 Getting Device Information
2020-08-14 20:32:14:494 Getting Device Information
2020-08-14 20:32:14:839 Getting Device Information
2020-08-14 20:32:15:185 Getting Device Information
2020-08-14 20:32:15:530 Getting Device Information
2020-08-14 20:32:15:876 Getting Device Information
2020-08-14 20:32:16:223 Getting Device Information
2020-08-14 20:34:31:174 Device Removed... 

2020-08-14 20:34:31:534 Device Arrived... 

2020-08-14 20:34:34:502 Device Removed... 

2020-08-14 20:34:34:820 Device Arrived... 

2020-08-14 20:34:43:173 Device Removed... 

2020-08-14 20:34:45:604 Device Arrived... 

2020-08-14 20:34:49:313 Open Serial Port...
2020-08-14 20:34:49:336 Getting Device Information
2020-08-14 20:34:49:682 Getting Device Information
2020-08-14 20:34:50:027 Getting Device Information
2020-08-14 20:34:50:373 Getting Device Information
2020-08-14 20:34:50:719 Getting Device Information
2020-08-14 20:34:51:064 Getting Device Information
2020-08-14 20:34:51:409 Getting Device Information
2020-08-14 20:34:51:755 Getting Device Information
2020-08-14 20:34:52:100 Getting Device Information
2020-08-14 20:34:54:894 Open Serial Port...
2020-08-14 20:34:54:916 Getting Device Information
2020-08-14 20:34:55:262 Getting Device Information
2020-08-14 20:34:55:608 Getting Device Information
2020-08-14 20:34:55:953 Getting Device Information
2020-08-14 20:34:56:299 Getting Device Information
2020-08-14 20:34:56:644 Getting Device Information
2020-08-14 20:34:56:989 Getting Device Information
2020-08-14 20:34:57:336 Getting Device Information
2020-08-14 20:34:57:681 Getting Device Information
2020-08-14 20:35:00:556 Open Serial Port...
2020-08-14 20:35:00:579 Getting Device Information
2020-08-14 20:35:00:924 Getting Device Information
2020-08-14 20:35:01:270 Getting Device Information
2020-08-14 20:35:01:615 Getting Device Information
2020-08-14 20:35:01:960 Getting Device Information
2020-08-14 20:35:02:305 Getting Device Information
2020-08-14 20:35:02:651 Getting Device Information
2020-08-14 20:35:02:997 Getting Device Information
2020-08-14 20:35:03:343 Getting Device Information
2020-08-14 20:35:07:568 Open Serial Port...
2020-08-14 20:35:07:592 Getting Device Information
2020-08-14 20:35:07:937 Getting Device Information
2020-08-14 20:35:08:283 Getting Device Information
2020-08-14 20:35:08:628 Getting Device Information
2020-08-14 20:35:08:974 Getting Device Information
2020-08-14 20:35:09:321 Getting Device Information
2020-08-14 20:35:09:666 Getting Device Information
2020-08-14 20:35:10:012 Getting Device Information
2020-08-14 20:35:10:357 Getting Device Information
2020-08-14 20:57:42:092 Open Serial Port...
2020-08-14 20:57:42:115 Getting Device Information
2020-08-14 20:57:42:460 Getting Device Information
2020-08-14 20:57:42:806 Getting Device Information
2020-08-14 20:57:43:151 Getting Device Information
2020-08-14 20:57:43:497 Getting Device Information
2020-08-14 20:57:43:842 Getting Device Information
2020-08-14 20:57:44:188 Getting Device Information
2020-08-14 20:57:44:534 Getting Device Information
2020-08-14 20:57:44:880 Getting Device Information
2020-08-14 20:58:09:437 Open Serial Port...
2020-08-14 20:58:09:460 Getting Device Information
2020-08-14 20:58:09:805 Getting Device Information
2020-08-14 20:58:10:150 Getting Device Information
2020-08-14 20:58:10:496 Getting Device Information
2020-08-14 20:58:10:841 Getting Device Information
2020-08-14 20:58:11:187 Getting Device Information
2020-08-14 20:58:11:533 Getting Device Information
2020-08-14 20:58:11:878 Getting Device Information
2020-08-14 20:58:12:224 Getting Device Information
2020-08-14 21:00:27:940 Device Removed... 

2020-08-14 21:13:45:473 Device Arrived... 

2020-08-14 21:17:20:579 Device Removed... 

2020-08-14 21:17:20:939 Device Arrived... 

2020-08-14 21:17:23:939 Device Removed... 

2020-08-14 21:17:24:256 Device Arrived... 

2020-08-14 21:17:35:587 Device Removed... 

2020-08-14 21:17:35:979 Device Arrived... 

2020-08-14 21:17:38:979 Device Removed... 

2020-08-14 21:17:39:265 Device Arrived... 

2020-08-14 21:18:10:243 Device Removed... 

2020-08-14 21:18:10:635 Device Arrived... 

2020-08-14 21:18:13:635 Device Removed... 

2020-08-14 21:18:13:921 Device Arrived... 

2020-08-14 21:18:55:330 Device Removed... 

2020-08-14 21:18:55:691 Device Arrived... 

2020-08-14 21:18:58:723 Device Removed... 

2020-08-14 21:18:59:009 Device Arrived... 

2020-08-14 21:20:19:203 Device Removed... 

2020-08-14 21:20:19:563 Device Arrived... 

2020-08-14 21:20:22:595 Device Removed... 

2020-08-14 21:20:22:913 Device Arrived... 

2020-08-14 21:20:50:211 Device Removed... 

2020-08-14 21:20:50:571 Device Arrived... 

2020-08-14 21:20:53:603 Device Removed... 

2020-08-14 21:20:53:921 Device Arrived... 

2020-08-14 21:21:03:044 Device Removed... 

2020-08-14 21:21:03:402 Device Arrived... 

2020-08-14 21:21:06:435 Device Removed... 

2020-08-14 21:21:06:752 Device Arrived... 

2020-08-14 21:21:10:978 Device Removed... 

2020-08-14 21:21:11:371 Device Arrived... 

2020-08-14 21:21:14:339 Device Removed... 

2020-08-14 21:21:14:624 Device Arrived... 

2020-08-14 21:21:26:435 Device Removed... 

2020-08-14 21:21:26:826 Device Arrived... 

2020-08-14 21:21:29:859 Device Removed... 

2020-08-14 21:21:30:145 Device Arrived... 

2020-08-14 21:21:42:147 Device Removed... 

2020-08-14 21:21:42:539 Device Arrived... 

2020-08-14 21:21:45:539 Device Removed... 

2020-08-14 21:21:45:857 Device Arrived... 

2020-08-14 21:26:14:627 Device Removed... 

2020-08-14 21:26:15:018 Device Arrived... 

2020-08-14 21:26:18:051 Device Removed... 

2020-08-14 21:26:18:336 Device Arrived... 

2020-08-14 21:27:05:603 Device Removed... 

2020-08-14 21:27:05:995 Device Arrived... 

2020-08-14 21:27:08:994 Device Removed... 

2020-08-14 21:27:09:312 Device Arrived... 

2020-08-14 21:27:33:634 Device Removed... 

2020-08-14 21:27:34:026 Device Arrived... 

2020-08-14 21:27:37:059 Device Removed... 

2020-08-14 21:27:37:344 Device Arrived... 

2020-08-14 22:25:57:585 Open Serial Port...
2020-08-14 22:25:57:608 Getting Device Information
2020-08-14 22:25:57:953 Getting Device Information
2020-08-14 22:25:58:298 Getting Device Information
2020-08-14 22:25:58:644 Getting Device Information
2020-08-14 22:25:58:989 Getting Device Information
2020-08-14 22:25:59:334 Getting Device Information
2020-08-14 22:25:59:684 Getting Device Information
2020-08-14 22:26:00:030 Getting Device Information
2020-08-14 22:26:00:375 Getting Device Information
2020-08-14 22:26:06:291 Open Serial Port...
2020-08-14 22:26:06:314 Getting Device Information
2020-08-14 22:26:06:659 Getting Device Information
2020-08-14 22:26:07:005 Getting Device Information
2020-08-14 22:26:07:352 Getting Device Information
2020-08-14 22:26:07:697 Getting Device Information
2020-08-14 22:26:08:043 Getting Device Information
2020-08-14 22:26:08:388 Getting Device Information
2020-08-14 22:26:08:733 Getting Device Information
2020-08-14 22:26:09:079 Getting Device Information
2020-08-14 22:26:12:831 Open Serial Port...
2020-08-14 22:26:12:854 Getting Device Information
2020-08-14 22:26:13:199 Getting Device Information
2020-08-14 22:26:13:544 Getting Device Information
2020-08-14 22:26:13:890 Getting Device Information
2020-08-14 22:26:14:235 Getting Device Information
2020-08-14 22:26:14:581 Getting Device Information
2020-08-14 22:26:14:926 Getting Device Information
2020-08-14 22:26:15:272 Getting Device Information
2020-08-14 22:26:15:618 Getting Device Information
2020-08-14 22:27:10:280 Open Serial Port...
2020-08-14 22:27:10:303 Getting Device Information
2020-08-14 22:27:10:649 Getting Device Information
2020-08-14 22:27:10:995 Getting Device Information
2020-08-14 22:27:11:340 Getting Device Information
2020-08-14 22:27:11:686 Getting Device Information
2020-08-14 22:27:12:032 Getting Device Information
2020-08-14 22:27:12:377 Getting Device Information
2020-08-14 22:27:12:723 Getting Device Information
2020-08-14 22:27:13:068 Getting Device Information
2020-08-14 22:27:17:694 Device Removed... 

2020-08-14 22:27:18:086 Device Arrived... 

2020-08-14 22:27:21:053 Device Removed... 

2020-08-14 22:27:21:339 Device Arrived... 

2020-08-14 22:27:28:349 Device Removed... 

2020-08-14 22:27:29:947 Device Arrived... 

2020-08-14 22:27:33:792 Open Serial Port...
2020-08-14 22:27:33:815 Getting Device Information
2020-08-14 22:27:34:160 Getting Device Information
2020-08-14 22:27:34:505 Getting Device Information
2020-08-14 22:27:34:850 Getting Device Information
2020-08-14 22:27:35:195 Getting Device Information
2020-08-14 22:27:35:541 Getting Device Information
2020-08-14 22:27:35:886 Getting Device Information
2020-08-14 22:27:36:232 Getting Device Information
2020-08-14 22:27:36:578 Getting Device Information
2020-08-14 22:27:42:147 Open Serial Port...
2020-08-14 22:27:42:170 Getting Device Information
2020-08-14 22:27:42:515 Getting Device Information
2020-08-14 22:27:42:860 Getting Device Information
2020-08-14 22:27:43:206 Getting Device Information
2020-08-14 22:27:43:551 Getting Device Information
2020-08-14 22:27:43:896 Getting Device Information
2020-08-14 22:27:44:242 Getting Device Information
2020-08-14 22:27:44:587 Getting Device Information
2020-08-14 22:27:44:933 Getting Device Information
2020-08-14 22:31:42:975 Device Removed... 

2020-08-14 22:31:45:531 Device Arrived... 

2020-08-14 22:32:09:053 Device Removed... 

2020-08-14 22:32:11:387 Device Arrived... 

2020-08-14 22:32:21:263 Open Serial Port...
2020-08-14 22:32:21:285 Getting Device Information
2020-08-14 22:32:21:631 Getting Device Information
2020-08-14 22:32:21:976 Getting Device Information
2020-08-14 22:32:22:320 Getting Device Information
2020-08-14 22:32:22:666 Getting Device Information
2020-08-14 22:32:23:011 Getting Device Information
2020-08-14 22:32:23:356 Getting Device Information
2020-08-14 22:32:23:703 Getting Device Information
2020-08-14 22:32:24:049 Getting Device Information
2020-08-14 22:53:12:102 Open Serial Port...
2020-08-14 22:53:12:125 Getting Device Information
2020-08-14 22:53:12:470 Getting Device Information
2020-08-14 22:53:12:816 Getting Device Information
2020-08-14 22:53:13:162 Getting Device Information
2020-08-14 22:53:13:508 Getting Device Information
2020-08-14 22:53:13:853 Getting Device Information
2020-08-14 22:53:14:199 Getting Device Information
2020-08-14 22:53:14:544 Getting Device Information
2020-08-14 22:53:14:890 Getting Device Information
2020-08-14 22:54:09:820 Device Removed... 

2020-08-14 22:54:10:211 Device Arrived... 

2020-08-14 22:54:13:211 Device Removed... 

2020-08-14 22:54:13:529 Device Arrived... 

2020-08-14 22:54:16:957 Device Removed... 

2020-08-14 22:54:19:641 Device Arrived... 

2020-08-14 22:54:37:330 Open Serial Port...
2020-08-14 22:54:37:353 Getting Device Information
2020-08-14 22:54:37:699 Getting Device Information
2020-08-14 22:54:38:044 Getting Device Information
2020-08-14 22:54:38:389 Getting Device Information
2020-08-14 22:54:38:734 Getting Device Information
2020-08-14 22:54:39:079 Getting Device Information
2020-08-14 22:54:39:425 Getting Device Information
2020-08-14 22:54:39:770 Getting Device Information
2020-08-14 22:54:40:115 Getting Device Information
2020-08-14 22:54:54:940 Device Removed... 

2020-08-14 22:54:57:529 Device Arrived... 

2020-08-14 22:56:10:940 Device Removed... 

2020-08-14 22:56:11:300 Device Arrived... 

2020-08-14 22:56:14:332 Device Removed... 

2020-08-14 22:56:14:618 Device Arrived... 

2020-08-14 22:56:18:140 Device Removed... 

2020-08-14 22:56:20:218 Device Arrived... 

2020-08-14 22:56:27:085 Open Serial Port...
2020-08-14 22:56:27:108 Getting Device Information
2020-08-14 22:56:27:453 Getting Device Information
2020-08-14 22:56:27:799 Getting Device Information
2020-08-14 22:56:28:144 Getting Device Information
2020-08-14 22:56:28:490 Getting Device Information
2020-08-14 22:56:28:836 Getting Device Information
2020-08-14 22:56:29:181 Getting Device Information
2020-08-14 22:56:29:527 Getting Device Information
2020-08-14 22:56:29:872 Getting Device Information
2020-08-14 22:56:42:068 Open Serial Port...
2020-08-14 22:56:42:091 Getting Device Information
2020-08-14 22:56:42:437 Getting Device Information
2020-08-14 22:56:42:783 Getting Device Information
2020-08-14 22:56:43:129 Getting Device Information
2020-08-14 22:56:43:474 Getting Device Information
2020-08-14 22:56:43:820 Getting Device Information
2020-08-14 22:56:44:166 Getting Device Information
2020-08-14 22:56:44:511 Getting Device Information
2020-08-14 22:56:44:857 Getting Device Information
2020-08-14 23:01:26:589 Device Removed... 

2020-08-14 23:01:26:980 Device Arrived... 

2020-08-14 23:01:30:012 Device Removed... 

2020-08-14 23:01:30:298 Device Arrived... 

2020-08-14 23:01:38:395 Device Removed... 

2020-08-14 23:01:40:761 Device Arrived... 

2020-08-14 23:01:44:732 Device Removed... 

2020-08-14 23:01:47:161 Device Arrived... 

2020-08-14 23:01:57:034 Open Serial Port...
2020-08-14 23:01:57:057 Getting Device Information
2020-08-14 23:01:57:402 Getting Device Information
2020-08-14 23:01:57:747 Getting Device Information
2020-08-14 23:01:58:093 Getting Device Information
2020-08-14 23:01:58:439 Getting Device Information
2020-08-14 23:01:58:785 Getting Device Information
2020-08-14 23:01:59:130 Getting Device Information
2020-08-14 23:01:59:476 Getting Device Information
2020-08-14 23:01:59:822 Getting Device Information
2020-08-14 23:36:31:418 Device Removed... 

2020-08-14 23:36:31:778 Device Arrived... 

2020-08-14 23:36:34:809 Device Removed... 

2020-08-14 23:36:35:095 Device Arrived... 

2020-08-14 23:36:45:063 Open Serial Port...
2020-08-14 23:36:45:086 Getting Device Information
2020-08-14 23:36:45:432 Getting Device Information
2020-08-14 23:36:45:777 Getting Device Information
2020-08-14 23:36:46:122 Getting Device Information
2020-08-14 23:36:46:468 Getting Device Information
2020-08-14 23:36:46:813 Getting Device Information
2020-08-14 23:36:47:158 Getting Device Information
2020-08-14 23:36:47:504 Getting Device Information
2020-08-14 23:36:47:849 Getting Device Information
2020-08-14 23:36:52:824 Device Removed... 

2020-08-14 23:36:55:126 Device Arrived... 

2020-08-14 23:37:01:459 Open Serial Port...
2020-08-14 23:37:01:481 Getting Device Information
2020-08-14 23:37:01:827 Getting Device Information
2020-08-14 23:37:02:172 Getting Device Information
2020-08-14 23:37:02:517 Getting Device Information
2020-08-14 23:37:02:863 Getting Device Information
2020-08-14 23:37:03:208 Getting Device Information
2020-08-14 23:37:03:553 Getting Device Information
2020-08-14 23:37:03:899 Getting Device Information
2020-08-14 23:37:04:244 Getting Device Information
2020-08-14 23:37:21:093 Start Fingerprint Identifcation.
2020-08-14 23:37:21:094 Getting Device Information
2020-08-14 23:37:21:420 Getting Device Information
2020-08-14 23:37:21:765 Getting Device Information
2020-08-14 23:37:22:111 Getting Device Information
2020-08-14 23:37:22:456 Getting Device Information
2020-08-14 23:37:22:801 Getting Device Information
2020-08-14 23:37:23:147 Getting Device Information
2020-08-14 23:37:23:492 Getting Device Information
2020-08-14 23:37:23:838 Getting Device Information
2020-08-14 23:37:24:184 Getting Device Information
2020-08-14 23:37:24:509 Detecting Finger
2020-08-14 23:37:27:513 Device's Error.
2020-08-14 23:37:27:514 Terminate Idetication.
